<?xml version="1.0" encoding="UTF-8"?>
<testng-results ignored="0" total="1" passed="1" failed="0" skipped="0">
  <reporter-output>
  </reporter-output>
  <suite started-at="2024-05-11T18:16:06 IST" name="Functional Suite" finished-at="2024-05-11T18:16:15 IST" duration-ms="9646">
    <groups>
    </groups>
    <test started-at="2024-05-11T18:16:06 IST" name="Homepage Test" finished-at="2024-05-11T18:16:15 IST" duration-ms="9646">
      <class name="CuraHealthQA.HomepageTest">
        <test-method is-config="true" signature="setup()[pri:0, instance:CuraHealthQA.HomepageTest@209da20d]" started-at="2024-05-11T18:16:06 IST" name="setup" finished-at="2024-05-11T18:16:11 IST" duration-ms="5252" status="PASS">
          <reporter-output>
          </reporter-output>
        </test-method> <!-- setup -->
        <test-method signature="CuraWebHomepageTest()[pri:0, instance:CuraHealthQA.HomepageTest@209da20d]" started-at="2024-05-11T18:16:11 IST" name="CuraWebHomepageTest" finished-at="2024-05-11T18:16:15 IST" duration-ms="4146" status="PASS">
          <reporter-output>
          </reporter-output>
        </test-method> <!-- CuraWebHomepageTest -->
        <test-method is-config="true" signature="teardown()[pri:0, instance:CuraHealthQA.HomepageTest@209da20d]" started-at="2024-05-11T18:16:15 IST" name="teardown" finished-at="2024-05-11T18:16:15 IST" duration-ms="210" status="PASS">
          <reporter-output>
          </reporter-output>
        </test-method> <!-- teardown -->
      </class> <!-- CuraHealthQA.HomepageTest -->
    </test> <!-- Homepage Test -->
  </suite> <!-- Functional Suite -->
</testng-results>
